<?xml version="1.0" encoding="UTF-8"?>
<!-- Generated by org.testng.reporters.JUnitReportReporter -->
<testsuite skipped="0" hostname="DESKTOP-A47Q4SV" name="com.training.sanity.tests.LoginTests" tests="1" failures="0" timestamp="2019-12-01T18:57:44 CST" time="76.963" errors="0">
  <testcase name="validLoginTest" time="76.963" classname="com.training.sanity.tests.LoginTests"/>
</testsuite> <!-- com.training.sanity.tests.LoginTests -->
